<?xml version="1.0" encoding="UTF-8"?>
<!-- Generated by org.testng.reporters.JUnitReportReporter -->
<testsuite name="testcases.TC002" tests="1" time="6.499" ignored="0" failures="0" timestamp="29 Apr 2018 08:05:58 GMT" skipped="0" hostname="MACLTUS66059" errors="0">
  <testcase name="f" time="6.499" classname="testcases.TC002"/>
</testsuite> <!-- testcases.TC002 -->
