<?xml version="1.0" encoding="UTF-8"?>
<!-- Generated by org.testng.reporters.JUnitReportReporter -->
<testsuite name="testcases.TC001" tests="1" time="5.597" ignored="0" failures="0" timestamp="29 Apr 2018 07:31:24 GMT" skipped="0" hostname="MACLTUS66059" errors="0">
  <testcase name="testcase1" time="5.597" classname="testcases.TC001"/>
</testsuite> <!-- testcases.TC001 -->
